<?xml version="1.0" encoding="UTF-8"?>
<coverage generated="1639500782915" clover="3.2.0">
  <project timestamp="1639500782915" name="All files">
    <metrics statements="72" coveredstatements="69" conditionals="28" coveredconditionals="19" methods="17" coveredmethods="15" elements="117" coveredelements="103" complexity="0" loc="72" ncloc="72" packages="3" files="6" classes="6"/>
    <package name="express-jobly">
      <metrics statements="28" coveredstatements="25" conditionals="16" coveredconditionals="7" methods="6" coveredmethods="4"/>
      <file name="config.js" path="C:\Users\imagi\A1_software_engineering_projects\CumulativeProject2Jobly\express-jobly\config.js">
        <metrics statements="13" coveredstatements="13" conditionals="10" coveredconditionals="6" methods="1" coveredmethods="1"/>
        <line num="5" count="1" type="stmt"/>
        <line num="6" count="1" type="stmt"/>
        <line num="8" count="1" type="cond" truecount="2" falsecount="0"/>
        <line num="10" count="1" type="cond" truecount="2" falsecount="0"/>
        <line num="14" count="2" type="cond" truecount="1" falsecount="1"/>
        <line num="22" count="1" type="cond" truecount="1" falsecount="1"/>
        <line num="24" count="1" type="stmt"/>
        <line num="25" count="1" type="stmt"/>
        <line num="26" count="1" type="stmt"/>
        <line num="27" count="1" type="stmt"/>
        <line num="28" count="1" type="stmt"/>
        <line num="29" count="1" type="stmt"/>
        <line num="31" count="1" type="stmt"/>
      </file>
      <file name="db.js" path="C:\Users\imagi\A1_software_engineering_projects\CumulativeProject2Jobly\express-jobly\db.js">
        <metrics statements="7" coveredstatements="6" conditionals="2" coveredconditionals="1" methods="0" coveredmethods="0"/>
        <line num="3" count="1" type="stmt"/>
        <line num="4" count="1" type="stmt"/>
        <line num="8" count="1" type="cond" truecount="1" falsecount="1"/>
        <line num="9" count="0" type="stmt"/>
        <line num="16" count="1" type="stmt"/>
        <line num="21" count="1" type="stmt"/>
        <line num="23" count="1" type="stmt"/>
      </file>
      <file name="expressError.js" path="C:\Users\imagi\A1_software_engineering_projects\CumulativeProject2Jobly\express-jobly\expressError.js">
        <metrics statements="8" coveredstatements="6" conditionals="4" coveredconditionals="0" methods="5" coveredmethods="3"/>
        <line num="9" count="5" type="stmt"/>
        <line num="10" count="5" type="stmt"/>
        <line num="11" count="5" type="stmt"/>
        <line num="19" count="3" type="stmt"/>
        <line num="27" count="0" type="stmt"/>
        <line num="35" count="2" type="stmt"/>
        <line num="43" count="0" type="stmt"/>
        <line num="47" count="1" type="stmt"/>
      </file>
    </package>
    <package name="express-jobly.helpers">
      <metrics statements="7" coveredstatements="7" conditionals="4" coveredconditionals="4" methods="2" coveredmethods="2"/>
      <file name="sql.js" path="C:\Users\imagi\A1_software_engineering_projects\CumulativeProject2Jobly\express-jobly\helpers\sql.js">
        <metrics statements="7" coveredstatements="7" conditionals="4" coveredconditionals="4" methods="2" coveredmethods="2"/>
        <line num="1" count="1" type="stmt"/>
        <line num="16" count="4" type="stmt"/>
        <line num="17" count="4" type="cond" truecount="2" falsecount="0"/>
        <line num="20" count="3" type="stmt"/>
        <line num="23" count="12" type="cond" truecount="2" falsecount="0"/>
        <line num="27" count="3" type="stmt"/>
        <line num="33" count="1" type="stmt"/>
      </file>
    </package>
    <package name="express-jobly.models">
      <metrics statements="37" coveredstatements="37" conditionals="8" coveredconditionals="8" methods="9" coveredmethods="9"/>
      <file name="_testCommon.js" path="C:\Users\imagi\A1_software_engineering_projects\CumulativeProject2Jobly\express-jobly\models\_testCommon.js">
        <metrics statements="11" coveredstatements="11" conditionals="0" coveredconditionals="0" methods="4" coveredmethods="4"/>
        <line num="1" count="1" type="stmt"/>
        <line num="3" count="1" type="stmt"/>
        <line num="4" count="1" type="stmt"/>
        <line num="8" count="1" type="stmt"/>
        <line num="10" count="1" type="stmt"/>
        <line num="12" count="1" type="stmt"/>
        <line num="18" count="1" type="stmt"/>
        <line num="34" count="11" type="stmt"/>
        <line num="38" count="11" type="stmt"/>
        <line num="42" count="1" type="stmt"/>
        <line num="46" count="1" type="stmt"/>
      </file>
      <file name="company.js" path="C:\Users\imagi\A1_software_engineering_projects\CumulativeProject2Jobly\express-jobly\models\company.js">
        <metrics statements="26" coveredstatements="26" conditionals="8" coveredconditionals="8" methods="5" coveredmethods="5"/>
        <line num="3" count="1" type="stmt"/>
        <line num="4" count="1" type="stmt"/>
        <line num="5" count="1" type="stmt"/>
        <line num="20" count="3" type="stmt"/>
        <line num="27" count="3" type="cond" truecount="2" falsecount="0"/>
        <line num="28" count="1" type="stmt"/>
        <line num="30" count="2" type="stmt"/>
        <line num="43" count="2" type="stmt"/>
        <line num="45" count="2" type="stmt"/>
        <line num="54" count="1" type="stmt"/>
        <line num="62" count="1" type="stmt"/>
        <line num="74" count="2" type="stmt"/>
        <line num="84" count="2" type="stmt"/>
        <line num="86" count="2" type="cond" truecount="2" falsecount="0"/>
        <line num="88" count="1" type="stmt"/>
        <line num="105" count="4" type="stmt"/>
        <line num="112" count="3" type="stmt"/>
        <line num="114" count="3" type="stmt"/>
        <line num="122" count="3" type="stmt"/>
        <line num="123" count="3" type="stmt"/>
        <line num="125" count="3" type="cond" truecount="2" falsecount="0"/>
        <line num="127" count="2" type="stmt"/>
        <line num="136" count="2" type="stmt"/>
        <line num="142" count="2" type="stmt"/>
        <line num="144" count="2" type="cond" truecount="2" falsecount="0"/>
        <line num="149" count="1" type="stmt"/>
      </file>
    </package>
  </project>
</coverage>
